mode: set
apocapoc-api/internal/application/commands/archive_habit.go:19.90,23.2 1 1
apocapoc-api/internal/application/commands/archive_habit.go:25.90,27.16 2 1
apocapoc-api/internal/application/commands/archive_habit.go:27.16,29.3 1 1
apocapoc-api/internal/application/commands/archive_habit.go:31.2,31.32 1 1
apocapoc-api/internal/application/commands/archive_habit.go:31.32,33.3 1 1
apocapoc-api/internal/application/commands/archive_habit.go:35.2,37.39 2 1
apocapoc-api/internal/application/commands/create_habit.go:29.88,31.2 1 1
apocapoc-api/internal/application/commands/create_habit.go:33.98,34.25 1 1
apocapoc-api/internal/application/commands/create_habit.go:34.25,36.3 1 1
apocapoc-api/internal/application/commands/create_habit.go:38.2,38.30 1 1
apocapoc-api/internal/application/commands/create_habit.go:38.30,40.3 1 1
apocapoc-api/internal/application/commands/create_habit.go:42.2,42.82 1 1
apocapoc-api/internal/application/commands/create_habit.go:42.82,44.3 1 1
apocapoc-api/internal/application/commands/create_habit.go:46.2,46.84 1 1
apocapoc-api/internal/application/commands/create_habit.go:46.84,48.3 1 1
apocapoc-api/internal/application/commands/create_habit.go:50.2,56.55 6 1
apocapoc-api/internal/application/commands/create_habit.go:56.55,58.3 1 0
apocapoc-api/internal/application/commands/create_habit.go:60.2,60.22 1 1
apocapoc-api/internal/application/commands/mark_habit.go:29.21,34.2 1 1
apocapoc-api/internal/application/commands/mark_habit.go:36.84,38.16 2 1
apocapoc-api/internal/application/commands/mark_habit.go:38.16,40.3 1 0
apocapoc-api/internal/application/commands/mark_habit.go:42.2,42.18 1 1
apocapoc-api/internal/application/commands/mark_habit.go:42.18,44.3 1 1
apocapoc-api/internal/application/commands/mark_habit.go:46.2,46.23 1 1
apocapoc-api/internal/application/commands/mark_habit.go:46.23,48.3 1 1
apocapoc-api/internal/application/commands/mark_habit.go:50.2,50.70 1 1
apocapoc-api/internal/application/commands/mark_habit.go:50.70,51.43 1 1
apocapoc-api/internal/application/commands/mark_habit.go:51.43,53.4 1 1
apocapoc-api/internal/application/commands/mark_habit.go:56.2,58.50 2 1
apocapoc-api/internal/application/commands/mark_habit.go:58.50,64.31 4 1
apocapoc-api/internal/application/commands/mark_habit.go:64.31,68.24 3 1
apocapoc-api/internal/application/commands/mark_habit.go:68.24,70.5 1 1
apocapoc-api/internal/application/commands/mark_habit.go:72.4,73.34 2 1
apocapoc-api/internal/application/commands/mark_habit.go:73.34,75.5 1 1
apocapoc-api/internal/application/commands/mark_habit.go:75.10,77.5 1 0
apocapoc-api/internal/application/commands/mark_habit.go:79.4,79.20 1 1
apocapoc-api/internal/application/commands/mark_habit.go:79.20,81.5 1 1
apocapoc-api/internal/application/commands/mark_habit.go:83.4,87.49 4 1
apocapoc-api/internal/application/commands/mark_habit.go:88.9,89.24 1 1
apocapoc-api/internal/application/commands/mark_habit.go:89.24,91.18 2 1
apocapoc-api/internal/application/commands/mark_habit.go:91.18,93.6 1 1
apocapoc-api/internal/application/commands/mark_habit.go:94.5,94.24 1 1
apocapoc-api/internal/application/commands/mark_habit.go:95.10,98.5 2 1
apocapoc-api/internal/application/commands/mark_habit.go:100.8,102.3 1 1
apocapoc-api/internal/application/commands/mark_habit.go:104.2,106.39 2 1
apocapoc-api/internal/application/commands/register_user.go:24.128,29.2 1 1
apocapoc-api/internal/application/commands/register_user.go:31.100,32.95 1 1
apocapoc-api/internal/application/commands/register_user.go:32.95,34.3 1 1
apocapoc-api/internal/application/commands/register_user.go:36.2,37.21 2 1
apocapoc-api/internal/application/commands/register_user.go:37.21,39.3 1 1
apocapoc-api/internal/application/commands/register_user.go:41.2,42.16 2 1
apocapoc-api/internal/application/commands/register_user.go:42.16,44.3 1 1
apocapoc-api/internal/application/commands/register_user.go:46.2,48.53 2 1
apocapoc-api/internal/application/commands/register_user.go:48.53,50.3 1 1
apocapoc-api/internal/application/commands/register_user.go:52.2,52.21 1 1
apocapoc-api/internal/application/commands/revoke_all_tokens.go:18.110,22.2 1 0
apocapoc-api/internal/application/commands/revoke_all_tokens.go:24.96,25.22 1 0
apocapoc-api/internal/application/commands/revoke_all_tokens.go:25.22,27.3 1 0
apocapoc-api/internal/application/commands/revoke_all_tokens.go:29.2,29.62 1 0
apocapoc-api/internal/application/commands/revoke_token.go:18.102,22.2 1 0
apocapoc-api/internal/application/commands/revoke_token.go:24.88,25.28 1 0
apocapoc-api/internal/application/commands/revoke_token.go:25.28,27.3 1 0
apocapoc-api/internal/application/commands/revoke_token.go:29.2,29.64 1 0
apocapoc-api/internal/application/commands/unmark_habit.go:25.23,30.2 1 1
apocapoc-api/internal/application/commands/unmark_habit.go:32.88,34.16 2 1
apocapoc-api/internal/application/commands/unmark_habit.go:34.16,36.3 1 1
apocapoc-api/internal/application/commands/unmark_habit.go:38.2,38.32 1 1
apocapoc-api/internal/application/commands/unmark_habit.go:38.32,40.3 1 1
apocapoc-api/internal/application/commands/unmark_habit.go:42.2,52.16 4 1
apocapoc-api/internal/application/commands/unmark_habit.go:52.16,54.3 1 0
apocapoc-api/internal/application/commands/unmark_habit.go:56.2,57.32 2 1
apocapoc-api/internal/application/commands/unmark_habit.go:57.32,58.51 1 1
apocapoc-api/internal/application/commands/unmark_habit.go:58.51,60.9 2 1
apocapoc-api/internal/application/commands/unmark_habit.go:64.2,64.25 1 1
apocapoc-api/internal/application/commands/unmark_habit.go:64.25,66.3 1 1
apocapoc-api/internal/application/commands/unmark_habit.go:68.2,68.47 1 1
apocapoc-api/internal/application/commands/update_habit.go:26.88,30.2 1 1
apocapoc-api/internal/application/commands/update_habit.go:32.88,33.39 1 1
apocapoc-api/internal/application/commands/update_habit.go:33.39,35.3 1 1
apocapoc-api/internal/application/commands/update_habit.go:37.2,38.16 2 1
apocapoc-api/internal/application/commands/update_habit.go:38.16,40.3 1 1
apocapoc-api/internal/application/commands/update_habit.go:42.2,42.32 1 1
apocapoc-api/internal/application/commands/update_habit.go:42.32,44.3 1 1
apocapoc-api/internal/application/commands/update_habit.go:46.2,46.23 1 1
apocapoc-api/internal/application/commands/update_habit.go:46.23,48.3 1 1
apocapoc-api/internal/application/commands/update_habit.go:50.2,57.39 7 1
apocapoc-api/internal/domain/entities/habit.go:32.10,42.2 1 1
apocapoc-api/internal/domain/entities/habit.go:44.27,47.2 2 1
apocapoc-api/internal/domain/entities/habit.go:49.33,51.2 1 1
apocapoc-api/internal/domain/entities/habit_entry.go:13.89,20.2 1 1
apocapoc-api/internal/domain/entities/refresh_token.go:14.79,22.2 1 0
apocapoc-api/internal/domain/entities/refresh_token.go:24.40,25.25 1 0
apocapoc-api/internal/domain/entities/refresh_token.go:25.25,27.3 1 0
apocapoc-api/internal/domain/entities/refresh_token.go:28.2,28.40 1 0
apocapoc-api/internal/domain/entities/refresh_token.go:31.34,34.2 2 0
apocapoc-api/internal/domain/entities/user.go:14.58,16.20 2 1
apocapoc-api/internal/domain/entities/user.go:16.20,18.3 1 1
apocapoc-api/internal/domain/entities/user.go:19.2,25.3 1 1
apocapoc-api/internal/application/queries/get_habit_by_id.go:19.90,23.2 1 1
apocapoc-api/internal/application/queries/get_habit_by_id.go:25.103,27.16 2 1
apocapoc-api/internal/application/queries/get_habit_by_id.go:27.16,29.3 1 1
apocapoc-api/internal/application/queries/get_habit_by_id.go:31.2,31.34 1 1
apocapoc-api/internal/application/queries/get_habit_by_id.go:31.34,33.3 1 1
apocapoc-api/internal/application/queries/get_habit_by_id.go:35.2,44.8 1 1
apocapoc-api/internal/application/queries/get_habit_entries.go:44.27,49.2 1 1
apocapoc-api/internal/application/queries/get_habit_entries.go:51.122,53.16 2 1
apocapoc-api/internal/application/queries/get_habit_entries.go:53.16,55.3 1 1
apocapoc-api/internal/application/queries/get_habit_entries.go:57.2,57.34 1 1
apocapoc-api/internal/application/queries/get_habit_entries.go:57.34,59.3 1 1
apocapoc-api/internal/application/queries/get_habit_entries.go:61.2,62.42 2 1
apocapoc-api/internal/application/queries/get_habit_entries.go:62.42,64.3 1 1
apocapoc-api/internal/application/queries/get_habit_entries.go:66.2,67.42 2 1
apocapoc-api/internal/application/queries/get_habit_entries.go:67.42,69.3 1 1
apocapoc-api/internal/application/queries/get_habit_entries.go:69.8,69.32 1 1
apocapoc-api/internal/application/queries/get_habit_entries.go:69.32,71.3 1 1
apocapoc-api/internal/application/queries/get_habit_entries.go:73.2,73.44 1 1
apocapoc-api/internal/application/queries/get_habit_entries.go:73.44,75.3 1 1
apocapoc-api/internal/application/queries/get_habit_entries.go:77.2,79.42 2 1
apocapoc-api/internal/application/queries/get_habit_entries.go:79.42,81.3 1 1
apocapoc-api/internal/application/queries/get_habit_entries.go:81.8,81.30 1 1
apocapoc-api/internal/application/queries/get_habit_entries.go:81.30,83.3 1 0
apocapoc-api/internal/application/queries/get_habit_entries.go:83.8,83.28 1 1
apocapoc-api/internal/application/queries/get_habit_entries.go:83.28,85.3 1 0
apocapoc-api/internal/application/queries/get_habit_entries.go:85.8,87.3 1 1
apocapoc-api/internal/application/queries/get_habit_entries.go:89.2,89.16 1 1
apocapoc-api/internal/application/queries/get_habit_entries.go:89.16,91.3 1 0
apocapoc-api/internal/application/queries/get_habit_entries.go:93.2,95.21 2 1
apocapoc-api/internal/application/queries/get_habit_entries.go:95.21,97.17 2 1
apocapoc-api/internal/application/queries/get_habit_entries.go:97.17,99.4 1 0
apocapoc-api/internal/application/queries/get_habit_entries.go:100.3,101.28 2 1
apocapoc-api/internal/application/queries/get_habit_entries.go:101.28,102.26 1 1
apocapoc-api/internal/application/queries/get_habit_entries.go:102.26,104.5 1 1
apocapoc-api/internal/application/queries/get_habit_entries.go:105.4,105.33 1 1
apocapoc-api/internal/application/queries/get_habit_entries.go:106.9,108.4 1 0
apocapoc-api/internal/application/queries/get_habit_entries.go:111.2,112.32 2 1
apocapoc-api/internal/application/queries/get_habit_entries.go:112.32,120.3 1 1
apocapoc-api/internal/application/queries/get_habit_entries.go:122.2,127.8 1 1
apocapoc-api/internal/application/queries/get_habit_stats.go:36.25,41.2 1 0
apocapoc-api/internal/application/queries/get_habit_stats.go:43.110,45.16 2 0
apocapoc-api/internal/application/queries/get_habit_stats.go:45.16,47.3 1 0
apocapoc-api/internal/application/queries/get_habit_stats.go:49.2,49.34 1 0
apocapoc-api/internal/application/queries/get_habit_stats.go:49.34,51.3 1 0
apocapoc-api/internal/application/queries/get_habit_stats.go:53.2,54.16 2 0
apocapoc-api/internal/application/queries/get_habit_stats.go:54.16,56.3 1 0
apocapoc-api/internal/application/queries/get_habit_stats.go:58.2,63.23 2 0
apocapoc-api/internal/application/queries/get_habit_stats.go:63.23,65.3 1 0
apocapoc-api/internal/application/queries/get_habit_stats.go:67.2,74.19 7 0
apocapoc-api/internal/application/queries/get_habit_stats.go:77.65,78.23 1 0
apocapoc-api/internal/application/queries/get_habit_stats.go:78.23,80.3 1 0
apocapoc-api/internal/application/queries/get_habit_stats.go:82.2,83.32 2 0
apocapoc-api/internal/application/queries/get_habit_stats.go:83.32,86.3 2 0
apocapoc-api/internal/application/queries/get_habit_stats.go:88.2,91.6 3 0
apocapoc-api/internal/application/queries/get_habit_stats.go:91.6,93.24 2 0
apocapoc-api/internal/application/queries/get_habit_stats.go:93.24,94.9 1 0
apocapoc-api/internal/application/queries/get_habit_stats.go:96.3,97.46 2 0
apocapoc-api/internal/application/queries/get_habit_stats.go:100.2,100.15 1 0
apocapoc-api/internal/application/queries/get_habit_stats.go:103.65,104.23 1 0
apocapoc-api/internal/application/queries/get_habit_stats.go:104.23,106.3 1 0
apocapoc-api/internal/application/queries/get_habit_stats.go:108.2,110.32 3 0
apocapoc-api/internal/application/queries/get_habit_stats.go:110.32,113.24 3 0
apocapoc-api/internal/application/queries/get_habit_stats.go:113.24,116.4 2 0
apocapoc-api/internal/application/queries/get_habit_stats.go:119.2,119.21 1 0
apocapoc-api/internal/application/queries/get_habit_stats.go:119.21,121.3 1 0
apocapoc-api/internal/application/queries/get_habit_stats.go:123.2,126.34 3 0
apocapoc-api/internal/application/queries/get_habit_stats.go:126.34,128.16 2 0
apocapoc-api/internal/application/queries/get_habit_stats.go:128.16,130.37 2 0
apocapoc-api/internal/application/queries/get_habit_stats.go:130.37,132.5 1 0
apocapoc-api/internal/application/queries/get_habit_stats.go:133.9,135.4 1 0
apocapoc-api/internal/application/queries/get_habit_stats.go:138.2,138.22 1 0
apocapoc-api/internal/application/queries/get_habit_stats.go:141.91,142.23 1 0
apocapoc-api/internal/application/queries/get_habit_stats.go:142.23,144.3 1 0
apocapoc-api/internal/application/queries/get_habit_stats.go:146.2,147.28 2 0
apocapoc-api/internal/application/queries/get_habit_stats.go:147.28,149.3 1 0
apocapoc-api/internal/application/queries/get_habit_stats.go:151.2,152.16 2 0
apocapoc-api/internal/application/queries/get_habit_stats.go:152.16,154.3 1 0
apocapoc-api/internal/application/queries/get_habit_stats.go:156.2,156.13 1 0
apocapoc-api/internal/application/queries/get_habit_stats.go:159.77,163.32 3 0
apocapoc-api/internal/application/queries/get_habit_stats.go:163.32,164.40 1 0
apocapoc-api/internal/application/queries/get_habit_stats.go:164.40,166.4 1 0
apocapoc-api/internal/application/queries/get_habit_stats.go:169.2,169.14 1 0
apocapoc-api/internal/application/queries/get_todays_habits.go:36.27,41.2 1 1
apocapoc-api/internal/application/queries/get_todays_habits.go:46.29,48.16 2 1
apocapoc-api/internal/application/queries/get_todays_habits.go:48.16,50.3 1 0
apocapoc-api/internal/application/queries/get_todays_habits.go:52.2,54.31 2 1
apocapoc-api/internal/application/queries/get_todays_habits.go:54.31,62.40 2 1
apocapoc-api/internal/application/queries/get_todays_habits.go:62.40,63.12 1 1
apocapoc-api/internal/application/queries/get_todays_habits.go:66.3,74.33 3 1
apocapoc-api/internal/application/queries/get_todays_habits.go:74.33,75.45 1 1
apocapoc-api/internal/application/queries/get_todays_habits.go:75.45,77.10 2 1
apocapoc-api/internal/application/queries/get_todays_habits.go:81.3,81.19 1 1
apocapoc-api/internal/application/queries/get_todays_habits.go:81.19,91.4 1 1
apocapoc-api/internal/application/queries/get_todays_habits.go:94.2,94.20 1 1
apocapoc-api/internal/application/queries/get_user_habits.go:29.92,33.2 1 1
apocapoc-api/internal/application/queries/get_user_habits.go:35.106,37.16 2 1
apocapoc-api/internal/application/queries/get_user_habits.go:37.16,39.3 1 0
apocapoc-api/internal/application/queries/get_user_habits.go:41.2,42.31 2 1
apocapoc-api/internal/application/queries/get_user_habits.go:42.31,53.3 1 1
apocapoc-api/internal/application/queries/get_user_habits.go:55.2,55.20 1 1
apocapoc-api/internal/application/queries/login_user.go:27.122,32.2 1 0
apocapoc-api/internal/application/queries/login_user.go:34.104,35.47 1 0
apocapoc-api/internal/application/queries/login_user.go:35.47,37.3 1 0
apocapoc-api/internal/application/queries/login_user.go:39.2,40.16 2 0
apocapoc-api/internal/application/queries/login_user.go:40.16,42.3 1 0
apocapoc-api/internal/application/queries/login_user.go:44.2,44.84 1 0
apocapoc-api/internal/application/queries/login_user.go:44.84,46.3 1 0
apocapoc-api/internal/application/queries/login_user.go:48.2,52.8 1 0
apocapoc-api/internal/application/queries/refresh_token.go:33.24,38.2 1 1
apocapoc-api/internal/application/queries/refresh_token.go:40.113,41.30 1 1
apocapoc-api/internal/application/queries/refresh_token.go:41.30,43.3 1 1
apocapoc-api/internal/application/queries/refresh_token.go:45.2,46.16 2 1
apocapoc-api/internal/application/queries/refresh_token.go:46.16,48.3 1 1
apocapoc-api/internal/application/queries/refresh_token.go:50.2,50.29 1 1
apocapoc-api/internal/application/queries/refresh_token.go:50.29,52.3 1 1
apocapoc-api/internal/application/queries/refresh_token.go:54.2,55.16 2 1
apocapoc-api/internal/application/queries/refresh_token.go:55.16,57.3 1 0
apocapoc-api/internal/application/queries/refresh_token.go:59.2,63.8 1 1
apocapoc-api/internal/application/queries/refresh_token.go:66.45,68.40 2 0
apocapoc-api/internal/application/queries/refresh_token.go:68.40,70.3 1 0
apocapoc-api/internal/application/queries/refresh_token.go:71.2,71.50 1 0
apocapoc-api/internal/application/queries/refresh_token.go:74.102,76.16 2 0
apocapoc-api/internal/application/queries/refresh_token.go:76.16,78.3 1 0
apocapoc-api/internal/application/queries/refresh_token.go:80.2,81.64 2 0
apocapoc-api/internal/domain/value_objects/frequency.go:16.35,17.11 1 1
apocapoc-api/internal/domain/value_objects/frequency.go:18.57,19.14 1 1
apocapoc-api/internal/domain/value_objects/frequency.go:21.2,21.14 1 1
apocapoc-api/internal/domain/value_objects/frequency.go:24.50,26.2 1 1
apocapoc-api/internal/domain/value_objects/frequency.go:28.54,30.49 2 1
apocapoc-api/internal/domain/value_objects/frequency.go:30.49,32.3 1 0
apocapoc-api/internal/domain/value_objects/frequency.go:34.2,35.18 2 1
apocapoc-api/internal/domain/value_objects/frequency.go:35.18,37.3 1 1
apocapoc-api/internal/domain/value_objects/frequency.go:39.2,39.12 1 1
apocapoc-api/internal/domain/value_objects/habit_type.go:16.36,17.12 1 1
apocapoc-api/internal/domain/value_objects/habit_type.go:18.58,19.14 1 1
apocapoc-api/internal/domain/value_objects/habit_type.go:21.2,21.14 1 1
apocapoc-api/internal/domain/value_objects/habit_type.go:24.51,26.2 1 1
apocapoc-api/internal/domain/value_objects/habit_type.go:28.55,30.49 2 1
apocapoc-api/internal/domain/value_objects/habit_type.go:30.49,32.3 1 0
apocapoc-api/internal/domain/value_objects/habit_type.go:34.2,35.19 2 1
apocapoc-api/internal/domain/value_objects/habit_type.go:35.19,37.3 1 1
apocapoc-api/internal/domain/value_objects/habit_type.go:39.2,39.12 1 1
